[15:09:10.681][info] [#0:/home/justin/.local/share/nvim/mason/packages/lua-language-server/libexec/main.lua:66]: Lua Lsp startup, root: 	/home/justin/.local/share/nvim/mason/packages/lua-language-server/libexec
[15:09:10.681][info] [#0:/home/justin/.local/share/nvim/mason/packages/lua-language-server/libexec/main.lua:67]: ROOT:	/home/justin/.local/share/nvim/mason/packages/lua-language-server/libexec
[15:09:10.681][info] [#0:/home/justin/.local/share/nvim/mason/packages/lua-language-server/libexec/main.lua:68]: LOGPATH:	/home/justin/.local/share/nvim/mason/packages/lua-language-server/libexec/log
[15:09:10.681][info] [#0:/home/justin/.local/share/nvim/mason/packages/lua-language-server/libexec/main.lua:69]: METAPATH:	/home/justin/.local/share/nvim/mason/packages/lua-language-server/libexec/meta
[15:09:10.682][info] [#0:/home/justin/.local/share/nvim/mason/packages/lua-language-server/libexec/main.lua:70]: VERSION:	3.7.4
[15:09:10.727][info] [#0:script/service/service.lua:144]: 
========= Medical Examination Report =========
    --------------- Memory ---------------
        Total: 1.336 MB
        # 00 : 1.336 MB
        # 01 : 0.000 MB
        # 02 : 0.000 MB
        # 03 : 0.000 MB
        # 04 : 0.000 MB
    --------------- Coroutine ---------------
        Total:     0
        Running:   0
        Suspended: 0
        Normal:    0
        Dead:      0
    --------------- Cache ---------------
        Total: 1
        Dead:  0
    ---------------  RPC  ---------------
        Holdon:   0
        Waiting:  0
==============================================
[15:09:10.832][info] [#0:script/client.lua:657]: Client init	{
  capabilities = {
    textDocument = {
      callHierarchy = {
        dynamicRegistration = false
      },
      codeAction = {
        codeActionLiteralSupport = {
          codeActionKind = {
            valueSet = { "", "quickfix", "refactor", "refactor.extract", "refactor.inline", "refactor.rewrite", "source", "source.organizeImports" }
          }
        },
        dataSupport = true,
        dynamicRegistration = false,
        isPreferredSupport = true,
        resolveSupport = {
          properties = { "edit" }
        }
      },
      completion = {
        completionItem = {
          commitCharactersSupport = true,
          deprecatedSupport = true,
          documentationFormat = { "markdown", "plaintext" },
          insertReplaceSupport = true,
          insertTextModeSupport = {
            valueSet = { 1, 2 }
          },
          labelDetailsSupport = true,
          preselectSupport = true,
          resolveSupport = {
            properties = { "documentation", "detail", "additionalTextEdits", "sortText", "filterText", "insertText", "textEdit", "insertTextFormat", "insertTextMode" }
          },
          snippetSupport = true,
          tagSupport = {
            valueSet = { 1 }
          }
        },
        completionItemKind = {
          valueSet = { 1, 2, 3, 4, 5, 6, 7, 8, 9, 10, 11, 12, 13, 14, 15, 16, 17, 18, 19, 20, 21, 22, 23, 24, 25 }
        },
        completionList = {
          itemDefaults = { "commitCharacters", "editRange", "insertTextFormat", "insertTextMode", "data" }
        },
        contextSupport = true,
        dynamicRegistration = false,
        insertTextMode = 1
      },
      declaration = {
        linkSupport = true
      },
      definition = {
        linkSupport = true
      },
      documentHighlight = {
        dynamicRegistration = false
      },
      documentSymbol = {
        dynamicRegistration = false,
        hierarchicalDocumentSymbolSupport = true,
        symbolKind = {
          valueSet = { 1, 2, 3, 4, 5, 6, 7, 8, 9, 10, 11, 12, 13, 14, 15, 16, 17, 18, 19, 20, 21, 22, 23, 24, 25, 26 }
        }
      },
      hover = {
        contentFormat = { "markdown", "plaintext" },
        dynamicRegistration = false
      },
      implementation = {
        linkSupport = true
      },
      publishDiagnostics = {
        relatedInformation = true,
        tagSupport = {
          valueSet = { 1, 2 }
        }
      },
      references = {
        dynamicRegistration = false
      },
      rename = {
        dynamicRegistration = false,
        prepareSupport = true
      },
      semanticTokens = {
        augmentsSyntaxTokens = true,
        dynamicRegistration = false,
        formats = { "relative" },
        multilineTokenSupport = false,
        overlappingTokenSupport = true,
        requests = {
          full = {
            delta = true
          },
          range = false
        },
        serverCancelSupport = false,
        tokenModifiers = { "declaration", "definition", "readonly", "static", "deprecated", "abstract", "async", "modification", "documentation", "defaultLibrary" },
        tokenTypes = { "namespace", "type", "class", "enum", "interface", "struct", "typeParameter", "parameter", "variable", "property", "enumMember", "event", "function", "method", "macro", "keyword", "modifier", "comment", "string", "number", "regexp", "operator", "decorator" }
      },
      signatureHelp = {
        dynamicRegistration = false,
        signatureInformation = {
          activeParameterSupport = true,
          documentationFormat = { "markdown", "plaintext" },
          parameterInformation = {
            labelOffsetSupport = true
          }
        }
      },
      synchronization = {
        didSave = true,
        dynamicRegistration = false,
        willSave = true,
        willSaveWaitUntil = true
      },
      typeDefinition = {
        linkSupport = true
      }
    },
    window = {
      showDocument = {
        support = true
      },
      showMessage = {
        messageActionItem = {
          additionalPropertiesSupport = false
        }
      },
      workDoneProgress = true
    },
    workspace = {
      applyEdit = true,
      configuration = true,
      didChangeWatchedFiles = {
        dynamicRegistration = false,
        relativePatternSupport = true
      },
      semanticTokens = {
        refreshSupport = true
      },
      symbol = {
        dynamicRegistration = false,
        hierarchicalWorkspaceSymbolSupport = true,
        symbolKind = {
          valueSet = { 1, 2, 3, 4, 5, 6, 7, 8, 9, 10, 11, 12, 13, 14, 15, 16, 17, 18, 19, 20, 21, 22, 23, 24, 25, 26 }
        }
      },
      workspaceEdit = {
        resourceOperations = { "rename", "create", "delete" }
      },
      workspaceFolders = true
    }
  },
  clientInfo = {
    name = "Neovim",
    version = "0.9.5"
  },
  initializationOptions = {},
  processId = 47466,
  trace = "off"
}
[15:09:10.832][info] [#0:script/language.lua:137]: VSC language: nil
[15:09:10.832][info] [#0:script/language.lua:138]: LS  language: en-us
[15:09:11.135][info] [#0:script/provider/provider.lua:61]: Load config from client	fallback
[15:09:11.135][info] [#0:script/provider/provider.lua:62]: {
  Lua = {
    completion = {
      callSnippet = "Replace"
    },
    workspace = {
      checkThirdParty = false
    }
  }
}
[15:09:11.135][info] [#0:script/provider/provider.lua:61]: Load config from client	fallback
[15:09:11.136][info] [#0:script/provider/provider.lua:62]: {
  Lua = {
    completion = {
      callSnippet = "Replace"
    },
    workspace = {
      checkThirdParty = false
    }
  }
}
[15:09:11.136][info] [#0:script/provider/provider.lua:61]: Load config from client	fallback
[15:09:11.136][info] [#0:script/provider/provider.lua:62]: {
  Lua = {
    completion = {
      callSnippet = "Replace"
    },
    workspace = {
      checkThirdParty = false
    }
  }
}
[15:09:11.237][info] [#0:script/library.lua:212]: Init builtin library at:	nil
[15:09:11.396][info] [#0:script/workspace/workspace.lua:324]: Preload start:	<fallback>
[15:09:11.400][info] [#0:script/workspace/workspace.lua:353]: Scan library at:	file:///home/justin/.local/share/nvim/mason/packages/lua-language-server/libexec/meta/Lua%205.4%20en-us%20utf8/string.lua
[15:09:11.401][info] [#0:script/workspace/workspace.lua:353]: Scan library at:	file:///home/justin/.local/share/nvim/mason/packages/lua-language-server/libexec/meta/Lua%205.4%20en-us%20utf8/builtin.lua
[15:09:11.401][info] [#0:script/workspace/workspace.lua:353]: Scan library at:	file:///home/justin/.local/share/nvim/mason/packages/lua-language-server/libexec/meta/Lua%205.4%20en-us%20utf8/coroutine.lua
[15:09:11.401][info] [#0:script/workspace/workspace.lua:353]: Scan library at:	file:///home/justin/.local/share/nvim/mason/packages/lua-language-server/libexec/meta/Lua%205.4%20en-us%20utf8/debug.lua
[15:09:11.402][info] [#0:script/workspace/workspace.lua:353]: Scan library at:	file:///home/justin/.local/share/nvim/mason/packages/lua-language-server/libexec/meta/Lua%205.4%20en-us%20utf8/basic.lua
[15:09:11.402][info] [#0:script/workspace/workspace.lua:353]: Scan library at:	file:///home/justin/.local/share/nvim/mason/packages/lua-language-server/libexec/meta/Lua%205.4%20en-us%20utf8/utf8.lua
[15:09:11.402][info] [#0:script/workspace/workspace.lua:353]: Scan library at:	file:///home/justin/.local/share/nvim/mason/packages/lua-language-server/libexec/meta/Lua%205.4%20en-us%20utf8/os.lua
[15:09:11.402][info] [#0:script/workspace/workspace.lua:353]: Scan library at:	file:///home/justin/.local/share/nvim/mason/packages/lua-language-server/libexec/meta/Lua%205.4%20en-us%20utf8/table.lua
[15:09:11.403][info] [#0:script/workspace/workspace.lua:353]: Scan library at:	file:///home/justin/.local/share/nvim/mason/packages/lua-language-server/libexec/meta/Lua%205.4%20en-us%20utf8/io.lua
[15:09:11.403][info] [#0:script/workspace/workspace.lua:353]: Scan library at:	file:///home/justin/.local/share/nvim/mason/packages/lua-language-server/libexec/meta/Lua%205.4%20en-us%20utf8/package.lua
[15:09:11.403][info] [#0:script/workspace/workspace.lua:353]: Scan library at:	file:///home/justin/.local/share/nvim/mason/packages/lua-language-server/libexec/meta/Lua%205.4%20en-us%20utf8/math.lua
[15:09:11.504][info] [#0:script/workspace/workspace.lua:379]: Found 11 files at:	<fallback>
[15:09:11.504][info] [#0:script/workspace/loading.lua:161]: Load files from disk:	<fallback>
[15:09:11.604][info] [#0:script/workspace/loading.lua:101]: Preload file at: file:///home/justin/.local/share/nvim/mason/packages/lua-language-server/libexec/meta/Lua%205.4%20en-us%20utf8/math.lua , size = 8.509 KB
[15:09:11.623][info] [#0:script/workspace/loading.lua:113]: ++++As library of:	file:///home/justin/.local/share/nvim/mason/packages/lua-language-server/libexec/meta/Lua%205.4%20en-us%20utf8/math.lua
[15:09:11.623][info] [#0:script/workspace/loading.lua:101]: Preload file at: file:///home/justin/.local/share/nvim/mason/packages/lua-language-server/libexec/meta/Lua%205.4%20en-us%20utf8/package.lua , size = 2.944 KB
[15:09:11.628][info] [#0:script/workspace/loading.lua:113]: ++++As library of:	file:///home/justin/.local/share/nvim/mason/packages/lua-language-server/libexec/meta/Lua%205.4%20en-us%20utf8/package.lua
[15:09:11.628][info] [#0:script/workspace/loading.lua:101]: Preload file at: file:///home/justin/.local/share/nvim/mason/packages/lua-language-server/libexec/meta/Lua%205.4%20en-us%20utf8/io.lua , size = 6.364 KB
[15:09:11.639][info] [#0:script/workspace/loading.lua:113]: ++++As library of:	file:///home/justin/.local/share/nvim/mason/packages/lua-language-server/libexec/meta/Lua%205.4%20en-us%20utf8/io.lua
[15:09:11.639][info] [#0:script/workspace/loading.lua:101]: Preload file at: file:///home/justin/.local/share/nvim/mason/packages/lua-language-server/libexec/meta/Lua%205.4%20en-us%20utf8/table.lua , size = 4.230 KB
[15:09:11.650][info] [#0:script/workspace/loading.lua:113]: ++++As library of:	file:///home/justin/.local/share/nvim/mason/packages/lua-language-server/libexec/meta/Lua%205.4%20en-us%20utf8/table.lua
[15:09:11.650][info] [#0:script/workspace/loading.lua:101]: Preload file at: file:///home/justin/.local/share/nvim/mason/packages/lua-language-server/libexec/meta/Lua%205.4%20en-us%20utf8/os.lua , size = 5.600 KB
[15:09:11.659][info] [#0:script/workspace/loading.lua:113]: ++++As library of:	file:///home/justin/.local/share/nvim/mason/packages/lua-language-server/libexec/meta/Lua%205.4%20en-us%20utf8/os.lua
[15:09:11.659][info] [#0:script/workspace/loading.lua:101]: Preload file at: file:///home/justin/.local/share/nvim/mason/packages/lua-language-server/libexec/meta/Lua%205.4%20en-us%20utf8/utf8.lua , size = 2.386 KB
[15:09:11.663][info] [#0:script/workspace/loading.lua:113]: ++++As library of:	file:///home/justin/.local/share/nvim/mason/packages/lua-language-server/libexec/meta/Lua%205.4%20en-us%20utf8/utf8.lua
[15:09:11.663][info] [#0:script/workspace/loading.lua:101]: Preload file at: file:///home/justin/.local/share/nvim/mason/packages/lua-language-server/libexec/meta/Lua%205.4%20en-us%20utf8/basic.lua , size = 15.377 KB
[15:09:11.683][info] [#0:script/workspace/loading.lua:113]: ++++As library of:	file:///home/justin/.local/share/nvim/mason/packages/lua-language-server/libexec/meta/Lua%205.4%20en-us%20utf8/basic.lua
[15:09:11.683][info] [#0:script/workspace/loading.lua:101]: Preload file at: file:///home/justin/.local/share/nvim/mason/packages/lua-language-server/libexec/meta/Lua%205.4%20en-us%20utf8/debug.lua , size = 7.637 KB
[15:09:11.689][info] [#0:script/workspace/loading.lua:113]: ++++As library of:	file:///home/justin/.local/share/nvim/mason/packages/lua-language-server/libexec/meta/Lua%205.4%20en-us%20utf8/debug.lua
[15:09:11.689][info] [#0:script/workspace/loading.lua:101]: Preload file at: file:///home/justin/.local/share/nvim/mason/packages/lua-language-server/libexec/meta/Lua%205.4%20en-us%20utf8/builtin.lua , size = 0.302 KB
[15:09:11.690][info] [#0:script/workspace/loading.lua:113]: ++++As library of:	file:///home/justin/.local/share/nvim/mason/packages/lua-language-server/libexec/meta/Lua%205.4%20en-us%20utf8/builtin.lua
[15:09:11.690][info] [#0:script/workspace/loading.lua:101]: Preload file at: file:///home/justin/.local/share/nvim/mason/packages/lua-language-server/libexec/meta/Lua%205.4%20en-us%20utf8/coroutine.lua , size = 2.590 KB
[15:09:11.692][info] [#0:script/workspace/loading.lua:113]: ++++As library of:	file:///home/justin/.local/share/nvim/mason/packages/lua-language-server/libexec/meta/Lua%205.4%20en-us%20utf8/coroutine.lua
[15:09:11.692][info] [#0:script/workspace/loading.lua:101]: Preload file at: file:///home/justin/.local/share/nvim/mason/packages/lua-language-server/libexec/meta/Lua%205.4%20en-us%20utf8/string.lua , size = 6.341 KB
[15:09:11.696][info] [#0:script/workspace/loading.lua:113]: ++++As library of:	file:///home/justin/.local/share/nvim/mason/packages/lua-language-server/libexec/meta/Lua%205.4%20en-us%20utf8/string.lua
[15:09:11.796][info] [#0:script/workspace/loading.lua:173]: Loaded files takes [0.096] sec: <fallback>
[15:09:11.796][info] [#0:script/workspace/loading.lua:182]: Compile files takes [0.000] sec: <fallback>
[15:09:11.796][info] [#0:script/workspace/loading.lua:183]: Loaded finish:	<fallback>
[15:09:11.796][info] [#0:script/workspace/workspace.lua:381]: Preload finish at:	<fallback>
[15:11:19.773][info] [#0:script/provider/provider.lua:169]: Server shutdown.
[15:11:19.773][warn] [#0:script/pub/report.lua:25]: Load proto error:	Disconnected!
