[INFO  Sat 03 Feb 2024 01:48:59 PM] ...e/nvim/lazy/mason.nvim/lua/mason-core/installer/init.lua:184: Executing installer for Package(name=stylua) {}
[INFO  Sat 03 Feb 2024 01:48:59 PM] ...e/nvim/lazy/mason.nvim/lua/mason-core/installer/init.lua:184: Executing installer for Package(name=shfmt) {}
[INFO  Sat 03 Feb 2024 01:49:01 PM] ...e/nvim/lazy/mason.nvim/lua/mason-core/installer/init.lua:245: Installation succeeded for Package(name=shfmt)
[INFO  Sat 03 Feb 2024 01:49:01 PM] ...e/nvim/lazy/mason.nvim/lua/mason-core/installer/init.lua:245: Installation succeeded for Package(name=stylua)
[INFO  Sat 03 Feb 2024 01:49:32 PM] ...e/nvim/lazy/mason.nvim/lua/mason-core/installer/init.lua:184: Executing installer for Package(name=lua-language-server) {}
[ERROR Sat 03 Feb 2024 01:49:33 PM] ...e/nvim/lazy/mason.nvim/lua/mason-core/installer/init.lua:249: Installation failed for Package(name=lua-language-server) error=spawn: tar failed with exit code - and signal -. tar is not executable
[INFO  Sat 03 Feb 2024 01:51:53 PM] ...e/nvim/lazy/mason.nvim/lua/mason-core/installer/init.lua:184: Executing installer for Package(name=lua-language-server) {}
[ERROR Sat 03 Feb 2024 01:51:54 PM] ...e/nvim/lazy/mason.nvim/lua/mason-core/installer/init.lua:249: Installation failed for Package(name=lua-language-server) error=spawn: tar failed with exit code - and signal -. tar is not executable
[INFO  Sat 03 Feb 2024 01:52:37 PM] ...e/nvim/lazy/mason.nvim/lua/mason-core/installer/init.lua:184: Executing installer for Package(name=lua-language-server) {}
[ERROR Sat 03 Feb 2024 01:52:38 PM] ...e/nvim/lazy/mason.nvim/lua/mason-core/installer/init.lua:249: Installation failed for Package(name=lua-language-server) error=spawn: tar failed with exit code - and signal -. tar is not executable
[INFO  Sat 03 Feb 2024 01:52:42 PM] ...e/nvim/lazy/mason.nvim/lua/mason-core/installer/init.lua:184: Executing installer for Package(name=lua-language-server) {}
[ERROR Sat 03 Feb 2024 01:52:43 PM] ...e/nvim/lazy/mason.nvim/lua/mason-core/installer/init.lua:249: Installation failed for Package(name=lua-language-server) error=spawn: tar failed with exit code - and signal -. tar is not executable
[INFO  Sat 03 Feb 2024 01:53:12 PM] ...e/nvim/lazy/mason.nvim/lua/mason-core/installer/init.lua:184: Executing installer for Package(name=lua-language-server) {}
[ERROR Sat 03 Feb 2024 01:53:13 PM] ...e/nvim/lazy/mason.nvim/lua/mason-core/installer/init.lua:249: Installation failed for Package(name=lua-language-server) error=spawn: tar failed with exit code - and signal -. tar is not executable
[INFO  Sat 03 Feb 2024 01:53:29 PM] ...e/nvim/lazy/mason.nvim/lua/mason-core/installer/init.lua:184: Executing installer for Package(name=lua-language-server) {}
[ERROR Sat 03 Feb 2024 01:53:31 PM] ...e/nvim/lazy/mason.nvim/lua/mason-core/installer/init.lua:249: Installation failed for Package(name=lua-language-server) error=spawn: tar failed with exit code - and signal -. tar is not executable
[INFO  Sat 03 Feb 2024 02:06:27 PM] ...e/nvim/lazy/mason.nvim/lua/mason-core/installer/init.lua:184: Executing installer for Package(name=lua-language-server) {}
[ERROR Sat 03 Feb 2024 02:06:29 PM] ...e/nvim/lazy/mason.nvim/lua/mason-core/installer/init.lua:249: Installation failed for Package(name=lua-language-server) error=spawn: tar failed with exit code - and signal -. tar is not executable
[INFO  Sat 03 Feb 2024 02:08:40 PM] ...e/nvim/lazy/mason.nvim/lua/mason-core/installer/init.lua:184: Executing installer for Package(name=lua-language-server) {}
[ERROR Sat 03 Feb 2024 02:08:41 PM] ...e/nvim/lazy/mason.nvim/lua/mason-core/installer/init.lua:249: Installation failed for Package(name=lua-language-server) error=spawn: tar failed with exit code - and signal -. tar is not executable
[INFO  Sat 03 Feb 2024 02:10:01 PM] ...e/nvim/lazy/mason.nvim/lua/mason-core/installer/init.lua:184: Executing installer for Package(name=lua-language-server) {}
[ERROR Sat 03 Feb 2024 02:10:03 PM] ...e/nvim/lazy/mason.nvim/lua/mason-core/installer/init.lua:249: Installation failed for Package(name=lua-language-server) error=spawn: tar failed with exit code - and signal -. tar is not executable
[INFO  Sat 03 Feb 2024 02:18:19 PM] ...e/nvim/lazy/mason.nvim/lua/mason-core/installer/init.lua:184: Executing installer for Package(name=lua-language-server) {}
[INFO  Sat 03 Feb 2024 02:18:22 PM] ...e/nvim/lazy/mason.nvim/lua/mason-core/installer/init.lua:245: Installation succeeded for Package(name=lua-language-server)
